c:\users\gorge\desktop\code\cpp\cpu-emulator\cpu\x64\debug\vc143.pdb
c:\users\gorge\desktop\code\cpp\cpu-emulator\cpu\x64\debug\vc143.idb
c:\users\gorge\desktop\code\cpp\cpu-emulator\cpu\x64\debug\run.obj
c:\users\gorge\desktop\code\cpp\cpu-emulator\cpu\x64\debug\push.obj
c:\users\gorge\desktop\code\cpp\cpu-emulator\cpu\x64\debug\pop.obj
c:\users\gorge\desktop\code\cpp\cpu-emulator\cpu\x64\debug\parser.obj
c:\users\gorge\desktop\code\cpp\cpu-emulator\cpu\x64\debug\mov.obj
c:\users\gorge\desktop\code\cpp\cpu-emulator\cpu\x64\debug\main.obj
c:\users\gorge\desktop\code\cpp\cpu-emulator\cpu\x64\debug\globals.obj
c:\users\gorge\desktop\code\cpp\cpu-emulator\cpu\x64\debug\fileparser.obj
c:\users\gorge\desktop\code\cpp\cpu-emulator\cpu\x64\debug\comp.obj
c:\users\gorge\desktop\code\cpp\cpu-emulator\cpu\x64\debug\jmp.obj
c:\users\gorge\desktop\code\cpp\cpu-emulator\x64\debug\cpu.exe
c:\users\gorge\desktop\code\cpp\cpu-emulator\cpu\x64\debug\cpu.ilk
c:\users\gorge\desktop\code\cpp\cpu-emulator\x64\debug\cpu.pdb
c:\users\gorge\desktop\code\cpp\cpu-emulator\cpu\x64\debug\fileparser.obj.enc
c:\users\gorge\desktop\code\cpp\cpu-emulator\cpu\x64\debug\mov.obj.enc
c:\users\gorge\desktop\code\cpp\cpu-emulator\cpu\x64\debug\cpu.tlog\cl.command.1.tlog
c:\users\gorge\desktop\code\cpp\cpu-emulator\cpu\x64\debug\cpu.tlog\cl.items.tlog
c:\users\gorge\desktop\code\cpp\cpu-emulator\cpu\x64\debug\cpu.tlog\cl.read.1.tlog
c:\users\gorge\desktop\code\cpp\cpu-emulator\cpu\x64\debug\cpu.tlog\cl.write.1.tlog
c:\users\gorge\desktop\code\cpp\cpu-emulator\cpu\x64\debug\cpu.tlog\link.command.1.tlog
c:\users\gorge\desktop\code\cpp\cpu-emulator\cpu\x64\debug\cpu.tlog\link.read.1.tlog
c:\users\gorge\desktop\code\cpp\cpu-emulator\cpu\x64\debug\cpu.tlog\link.write.1.tlog
